# JRE version: OpenJDK Runtime Environment Temurin-21.0.7+6 (21.0.7+6) (build 21.0.7+6-LTS)
# Java VM: OpenJDK 64-Bit Server VM Temurin-21.0.7+6 (21.0.7+6-LTS, mixed mode, sharing, tiered, compressed oops, compressed class ptrs, parallel gc, windows-amd64)
GC Precious Log:
 CardTable entry size: 512
 CPUs: 2 total, 2 available
 Memory: 3460M
 Large Page Support: Disabled
 NUMA Support: Disabled
 Compressed Oops: Enabled (32-bit)
 Alignments: Space 512K, Generation 512K, Heap 2M
 Heap Min Capacity: 100M
 Heap Initial Capacity: 100M
 Heap Max Capacity: 2G
 Pre-touch: Disabled
 Parallel Workers: 2
Heap:
 PSYoungGen      total 2560K, used 788K [0x00000000d5580000, 0x00000000d5900000, 0x0000000100000000)
  eden space 2048K, 35% used [0x00000000d5580000,0x00000000d5635018,0x00000000d5780000)
  from space 512K, 12% used [0x00000000d5800000,0x00000000d5810000,0x00000000d5880000)
  to   space 512K, 0% used [0x00000000d5880000,0x00000000d5880000,0x00000000d5900000)
 ParOldGen       total 533504K, used 427894K [0x0000000080000000, 0x00000000a0900000, 0x00000000d5580000)
  object space 533504K, 80% used [0x0000000080000000,0x000000009a1ddad0,0x00000000a0900000)
 Metaspace       used 85814K, committed 87488K, reserved 1179648K
  class space    used 8759K, committed 9536K, reserved 1048576K
GC Heap History (20 events):
Event: 1389.945 GC heap before
{Heap before GC invocations=932 (full 4):
 PSYoungGen      total 2560K, used 2112K [0x00000000d5580000, 0x00000000d5900000, 0x0000000100000000)
  eden space 2048K, 100% used [0x00000000d5580000,0x00000000d5780000,0x00000000d5780000)
  from space 512K, 12% used [0x00000000d5800000,0x00000000d5810000,0x00000000d5880000)
  to   space 512K, 0% used [0x00000000d5880000,0x00000000d5880000,0x00000000d5900000)
 ParOldGen       total 533504K, used 426669K [0x0000000080000000, 0x00000000a0900000, 0x00000000d5580000)
  object space 533504K, 79% used [0x0000000080000000,0x000000009a0ab710,0x00000000a0900000)
 Metaspace       used 85814K, committed 87488K, reserved 1179648K
  class space    used 8759K, committed 9536K, reserved 1048576K
}
Event: 1389.949 GC heap after
{Heap after GC invocations=932 (full 4):
 PSYoungGen      total 2560K, used 352K [0x00000000d5580000, 0x00000000d5900000, 0x0000000100000000)
  eden space 2048K, 0% used [0x00000000d5580000,0x00000000d5580000,0x00000000d5780000)
  from space 512K, 68% used [0x00000000d5880000,0x00000000d58d8000,0x00000000d5900000)
  to   space 512K, 0% used [0x00000000d5800000,0x00000000d5800000,0x00000000d5880000)
 ParOldGen       total 533504K, used 426677K [0x0000000080000000, 0x00000000a0900000, 0x00000000d5580000)
  object space 533504K, 79% used [0x0000000080000000,0x000000009a0ad710,0x00000000a0900000)
 Metaspace       used 85814K, committed 87488K, reserved 1179648K
  class space    used 8759K, committed 9536K, reserved 1048576K
}
Event: 1390.443 GC heap before
{Heap before GC invocations=933 (full 4):
 PSYoungGen      total 2560K, used 2400K [0x00000000d5580000, 0x00000000d5900000, 0x0000000100000000)
  eden space 2048K, 100% used [0x00000000d5580000,0x00000000d5780000,0x00000000d5780000)
  from space 512K, 68% used [0x00000000d5880000,0x00000000d58d8000,0x00000000d5900000)
  to   space 512K, 0% used [0x00000000d5800000,0x00000000d5800000,0x00000000d5880000)
 ParOldGen       total 533504K, used 426677K [0x0000000080000000, 0x00000000a0900000, 0x00000000d5580000)
  object space 533504K, 79% used [0x0000000080000000,0x000000009a0ad710,0x00000000a0900000)
 Metaspace       used 85814K, committed 87488K, reserved 1179648K
  class space    used 8759K, committed 9536K, reserved 1048576K
}
Event: 1390.445 GC heap after
{Heap after GC invocations=933 (full 4):
 PSYoungGen      total 2560K, used 64K [0x00000000d5580000, 0x00000000d5900000, 0x0000000100000000)
  eden space 2048K, 0% used [0x00000000d5580000,0x00000000d5580000,0x00000000d5780000)
  from space 512K, 12% used [0x00000000d5800000,0x00000000d5810000,0x00000000d5880000)
  to   space 512K, 0% used [0x00000000d5880000,0x00000000d5880000,0x00000000d5900000)
 ParOldGen       total 533504K, used 426932K [0x0000000080000000, 0x00000000a0900000, 0x00000000d5580000)
  object space 533504K, 80% used [0x0000000080000000,0x000000009a0ed150,0x00000000a0900000)
 Metaspace       used 85814K, committed 87488K, reserved 1179648K
  class space    used 8759K, committed 9536K, reserved 1048576K
}
Event: 1390.829 GC heap before
{Heap before GC invocations=934 (full 4):
 PSYoungGen      total 2560K, used 2112K [0x00000000d5580000, 0x00000000d5900000, 0x0000000100000000)
  eden space 2048K, 100% used [0x00000000d5580000,0x00000000d5780000,0x00000000d5780000)
  from space 512K, 12% used [0x00000000d5800000,0x00000000d5810000,0x00000000d5880000)
  to   space 512K, 0% used [0x00000000d5880000,0x00000000d5880000,0x00000000d5900000)
 ParOldGen       total 533504K, used 426932K [0x0000000080000000, 0x00000000a0900000, 0x00000000d5580000)
  object space 533504K, 80% used [0x0000000080000000,0x000000009a0ed150,0x00000000a0900000)
 Metaspace       used 85814K, committed 87488K, reserved 1179648K
  class space    used 8759K, committed 9536K, reserved 1048576K
}
Event: 1390.833 GC heap after
{Heap after GC invocations=934 (full 4):
 PSYoungGen      total 2560K, used 480K [0x00000000d5580000, 0x00000000d5980000, 0x0000000100000000)
  eden space 2048K, 0% used [0x00000000d5580000,0x00000000d5580000,0x00000000d5780000)
  from space 512K, 93% used [0x00000000d5880000,0x00000000d58f8020,0x00000000d5900000)
  to   space 1024K, 0% used [0x00000000d5780000,0x00000000d5780000,0x00000000d5880000)
 ParOldGen       total 533504K, used 426948K [0x0000000080000000, 0x00000000a0900000, 0x00000000d5580000)
  object space 533504K, 80% used [0x0000000080000000,0x000000009a0f1150,0x00000000a0900000)
 Metaspace       used 85814K, committed 87488K, reserved 1179648K
  class space    used 8759K, committed 9536K, reserved 1048576K
}
Event: 1390.842 GC heap before
{Heap before GC invocations=935 (full 4):
 PSYoungGen      total 2560K, used 2528K [0x00000000d5580000, 0x00000000d5980000, 0x0000000100000000)
  eden space 2048K, 100% used [0x00000000d5580000,0x00000000d5780000,0x00000000d5780000)
  from space 512K, 93% used [0x00000000d5880000,0x00000000d58f8020,0x00000000d5900000)
  to   space 1024K, 0% used [0x00000000d5780000,0x00000000d5780000,0x00000000d5880000)
 ParOldGen       total 533504K, used 426948K [0x0000000080000000, 0x00000000a0900000, 0x00000000d5580000)
  object space 533504K, 80% used [0x0000000080000000,0x000000009a0f1150,0x00000000a0900000)
 Metaspace       used 85814K, committed 87488K, reserved 1179648K
  class space    used 8759K, committed 9536K, reserved 1048576K
}
Event: 1390.844 GC heap after
{Heap after GC invocations=935 (full 4):
 PSYoungGen      total 3072K, used 288K [0x00000000d5580000, 0x00000000d5900000, 0x0000000100000000)
  eden space 2048K, 0% used [0x00000000d5580000,0x00000000d5580000,0x00000000d5780000)
  from space 1024K, 28% used [0x00000000d5780000,0x00000000d57c8000,0x00000000d5880000)
  to   space 512K, 0% used [0x00000000d5880000,0x00000000d5880000,0x00000000d5900000)
 ParOldGen       total 533504K, used 427329K [0x0000000080000000, 0x00000000a0900000, 0x00000000d5580000)
  object space 533504K, 80% used [0x0000000080000000,0x000000009a150600,0x00000000a0900000)
 Metaspace       used 85814K, committed 87488K, reserved 1179648K
  class space    used 8759K, committed 9536K, reserved 1048576K
}
Event: 1390.902 GC heap before
{Heap before GC invocations=936 (full 4):
 PSYoungGen      total 3072K, used 2335K [0x00000000d5580000, 0x00000000d5900000, 0x0000000100000000)
  eden space 2048K, 99% used [0x00000000d5580000,0x00000000d577ffc0,0x00000000d5780000)
  from space 1024K, 28% used [0x00000000d5780000,0x00000000d57c8000,0x00000000d5880000)
  to   space 512K, 0% used [0x00000000d5880000,0x00000000d5880000,0x00000000d5900000)
 ParOldGen       total 533504K, used 427329K [0x0000000080000000, 0x00000000a0900000, 0x00000000d5580000)
  object space 533504K, 80% used [0x0000000080000000,0x000000009a150600,0x00000000a0900000)
 Metaspace       used 85814K, committed 87488K, reserved 1179648K
  class space    used 8759K, committed 9536K, reserved 1048576K
}
Event: 1390.904 GC heap after
{Heap after GC invocations=936 (full 4):
 PSYoungGen      total 2560K, used 192K [0x00000000d5580000, 0x00000000d5900000, 0x0000000100000000)
  eden space 2048K, 0% used [0x00000000d5580000,0x00000000d5580000,0x00000000d5780000)
  from space 512K, 37% used [0x00000000d5880000,0x00000000d58b0000,0x00000000d5900000)
  to   space 512K, 0% used [0x00000000d5800000,0x00000000d5800000,0x00000000d5880000)
 ParOldGen       total 533504K, used 427337K [0x0000000080000000, 0x00000000a0900000, 0x00000000d5580000)
  object space 533504K, 80% used [0x0000000080000000,0x000000009a152600,0x00000000a0900000)
 Metaspace       used 85814K, committed 87488K, reserved 1179648K
  class space    used 8759K, committed 9536K, reserved 1048576K
}
Event: 1391.717 GC heap before
{Heap before GC invocations=937 (full 4):
 PSYoungGen      total 2560K, used 2240K [0x00000000d5580000, 0x00000000d5900000, 0x0000000100000000)
  eden space 2048K, 100% used [0x00000000d5580000,0x00000000d5780000,0x00000000d5780000)
  from space 512K, 37% used [0x00000000d5880000,0x00000000d58b0000,0x00000000d5900000)
  to   space 512K, 0% used [0x00000000d5800000,0x00000000d5800000,0x00000000d5880000)
 ParOldGen       total 533504K, used 427337K [0x0000000080000000, 0x00000000a0900000, 0x00000000d5580000)
  object space 533504K, 80% used [0x0000000080000000,0x000000009a152600,0x00000000a0900000)
 Metaspace       used 85814K, committed 87488K, reserved 1179648K
  class space    used 8759K, committed 9536K, reserved 1048576K
}
Event: 1391.720 GC heap after
{Heap after GC invocations=937 (full 4):
 PSYoungGen      total 2560K, used 224K [0x00000000d5580000, 0x00000000d5900000, 0x0000000100000000)
  eden space 2048K, 0% used [0x00000000d5580000,0x00000000d5580000,0x00000000d5780000)
  from space 512K, 43% used [0x00000000d5800000,0x00000000d5838020,0x00000000d5880000)
  to   space 512K, 0% used [0x00000000d5880000,0x00000000d5880000,0x00000000d5900000)
 ParOldGen       total 533504K, used 427345K [0x0000000080000000, 0x00000000a0900000, 0x00000000d5580000)
  object space 533504K, 80% used [0x0000000080000000,0x000000009a154600,0x00000000a0900000)
 Metaspace       used 85814K, committed 87488K, reserved 1179648K
  class space    used 8759K, committed 9536K, reserved 1048576K
}
Event: 1392.070 GC heap before
{Heap before GC invocations=938 (full 4):
 PSYoungGen      total 2560K, used 2272K [0x00000000d5580000, 0x00000000d5900000, 0x0000000100000000)
  eden space 2048K, 100% used [0x00000000d5580000,0x00000000d5780000,0x00000000d5780000)
  from space 512K, 43% used [0x00000000d5800000,0x00000000d5838020,0x00000000d5880000)
  to   space 512K, 0% used [0x00000000d5880000,0x00000000d5880000,0x00000000d5900000)
 ParOldGen       total 533504K, used 427345K [0x0000000080000000, 0x00000000a0900000, 0x00000000d5580000)
  object space 533504K, 80% used [0x0000000080000000,0x000000009a154600,0x00000000a0900000)
 Metaspace       used 85814K, committed 87488K, reserved 1179648K
  class space    used 8759K, committed 9536K, reserved 1048576K
}
Event: 1392.073 GC heap after
{Heap after GC invocations=938 (full 4):
 PSYoungGen      total 2560K, used 416K [0x00000000d5580000, 0x00000000d5900000, 0x0000000100000000)
  eden space 2048K, 0% used [0x00000000d5580000,0x00000000d5580000,0x00000000d5780000)
  from space 512K, 81% used [0x00000000d5880000,0x00000000d58e8000,0x00000000d5900000)
  to   space 512K, 0% used [0x00000000d5800000,0x00000000d5800000,0x00000000d5880000)
 ParOldGen       total 533504K, used 427425K [0x0000000080000000, 0x00000000a0900000, 0x00000000d5580000)
  object space 533504K, 80% used [0x0000000080000000,0x000000009a168620,0x00000000a0900000)
 Metaspace       used 85814K, committed 87488K, reserved 1179648K
  class space    used 8759K, committed 9536K, reserved 1048576K
}
Event: 1392.102 GC heap before
{Heap before GC invocations=939 (full 4):
 PSYoungGen      total 2560K, used 2464K [0x00000000d5580000, 0x00000000d5900000, 0x0000000100000000)
  eden space 2048K, 100% used [0x00000000d5580000,0x00000000d5780000,0x00000000d5780000)
  from space 512K, 81% used [0x00000000d5880000,0x00000000d58e8000,0x00000000d5900000)
  to   space 512K, 0% used [0x00000000d5800000,0x00000000d5800000,0x00000000d5880000)
 ParOldGen       total 533504K, used 427425K [0x0000000080000000, 0x00000000a0900000, 0x00000000d5580000)
  object space 533504K, 80% used [0x0000000080000000,0x000000009a168620,0x00000000a0900000)
 Metaspace       used 85814K, committed 87488K, reserved 1179648K
  class space    used 8759K, committed 9536K, reserved 1048576K
}
Event: 1392.107 GC heap after
{Heap after GC invocations=939 (full 4):
 PSYoungGen      total 2560K, used 192K [0x00000000d5580000, 0x00000000d5900000, 0x0000000100000000)
  eden space 2048K, 0% used [0x00000000d5580000,0x00000000d5580000,0x00000000d5780000)
  from space 512K, 37% used [0x00000000d5800000,0x00000000d5830020,0x00000000d5880000)
  to   space 512K, 0% used [0x00000000d5880000,0x00000000d5880000,0x00000000d5900000)
 ParOldGen       total 533504K, used 427806K [0x0000000080000000, 0x00000000a0900000, 0x00000000d5580000)
  object space 533504K, 80% used [0x0000000080000000,0x000000009a1c7ab0,0x00000000a0900000)
 Metaspace       used 85814K, committed 87488K, reserved 1179648K
  class space    used 8759K, committed 9536K, reserved 1048576K
}
Event: 1392.115 GC heap before
{Heap before GC invocations=940 (full 4):
 PSYoungGen      total 2560K, used 2240K [0x00000000d5580000, 0x00000000d5900000, 0x0000000100000000)
  eden space 2048K, 100% used [0x00000000d5580000,0x00000000d5780000,0x00000000d5780000)
  from space 512K, 37% used [0x00000000d5800000,0x00000000d5830020,0x00000000d5880000)
  to   space 512K, 0% used [0x00000000d5880000,0x00000000d5880000,0x00000000d5900000)
 ParOldGen       total 533504K, used 427806K [0x0000000080000000, 0x00000000a0900000, 0x00000000d5580000)
  object space 533504K, 80% used [0x0000000080000000,0x000000009a1c7ab0,0x00000000a0900000)
 Metaspace       used 85814K, committed 87488K, reserved 1179648K
  class space    used 8759K, committed 9536K, reserved 1048576K
}
Event: 1392.119 GC heap after
{Heap after GC invocations=940 (full 4):
 PSYoungGen      total 2560K, used 192K [0x00000000d5580000, 0x00000000d5900000, 0x0000000100000000)
  eden space 2048K, 0% used [0x00000000d5580000,0x00000000d5580000,0x00000000d5780000)
  from space 512K, 37% used [0x00000000d5880000,0x00000000d58b0000,0x00000000d5900000)
  to   space 512K, 0% used [0x00000000d5800000,0x00000000d5800000,0x00000000d5880000)
 ParOldGen       total 533504K, used 427886K [0x0000000080000000, 0x00000000a0900000, 0x00000000d5580000)
  object space 533504K, 80% used [0x0000000080000000,0x000000009a1dbad0,0x00000000a0900000)
 Metaspace       used 85814K, committed 87488K, reserved 1179648K
  class space    used 8759K, committed 9536K, reserved 1048576K
}
Event: 1392.824 GC heap before
{Heap before GC invocations=941 (full 4):
 PSYoungGen      total 2560K, used 2236K [0x00000000d5580000, 0x00000000d5900000, 0x0000000100000000)
  eden space 2048K, 99% used [0x00000000d5580000,0x00000000d577f2d8,0x00000000d5780000)
  from space 512K, 37% used [0x00000000d5880000,0x00000000d58b0000,0x00000000d5900000)
  to   space 512K, 0% used [0x00000000d5800000,0x00000000d5800000,0x00000000d5880000)
 ParOldGen       total 533504K, used 427886K [0x0000000080000000, 0x00000000a0900000, 0x00000000d5580000)
  object space 533504K, 80% used [0x0000000080000000,0x000000009a1dbad0,0x00000000a0900000)
 Metaspace       used 85814K, committed 87488K, reserved 1179648K
  class space    used 8759K, committed 9536K, reserved 1048576K
}
Event: 1392.827 GC heap after
{Heap after GC invocations=941 (full 4):
 PSYoungGen      total 2560K, used 64K [0x00000000d5580000, 0x00000000d5900000, 0x0000000100000000)
  eden space 2048K, 0% used [0x00000000d5580000,0x00000000d5580000,0x00000000d5780000)
  from space 512K, 12% used [0x00000000d5800000,0x00000000d5810000,0x00000000d5880000)
  to   space 512K, 0% used [0x00000000d5880000,0x00000000d5880000,0x00000000d5900000)
 ParOldGen       total 533504K, used 427894K [0x0000000080000000, 0x00000000a0900000, 0x00000000d5580000)
  object space 533504K, 80% used [0x0000000080000000,0x000000009a1ddad0,0x00000000a0900000)
 Metaspace       used 85814K, committed 87488K, reserved 1179648K
  class space    used 8759K, committed 9536K, reserved 1048576K
}

